============================= test session starts =============================
platform win32 -- Python 3.13.12, pytest-9.0.2, pluggy-1.6.0
rootdir: C:\Squidy\RustyMiroSquid\backend
configfile: pyproject.toml
plugins: anyio-4.13.0, asyncio-1.3.0, cov-7.1.0, httpx-0.36.0
asyncio: mode=Mode.STRICT, debug=False, asyncio_default_fixture_loop_scope=None, asyncio_default_test_loop_scope=function
collected 15 items

tests\test_agent_personas.py ..                                          [ 13%]
tests\test_orjson_compat.py ..                                           [ 26%]
tests\test_polars_analytics.py .                                         [ 33%]
tests\test_report_api.py ....                                            [ 60%]
tests\test_threading_safety.py .                                         [ 66%]
tests\test_url_fetcher.py .....                                          [100%]

=============================== tests coverage ================================
______________ coverage: platform win32, python 3.13.12-final-0 _______________

Name                                          Stmts   Miss  Cover   Missing
---------------------------------------------------------------------------
app\__init__.py                                   2      0   100%
app\api\__init__.py                               4      0   100%
app\api\graph.py                                131    100    24%   28-31, 38-44, 49-52, 57-68, 79-159, 164-198, 203-206, 211-215
app\api\market.py                                55     55     0%   1-99
app\api\report.py                               241    169    30%   55-172, 177-209, 222-226, 231-249, 254-272, 277-287, 294-334, 360-362, 369-374, 379-384, 391-396, 401-406, 413-429, 434-446
app\api\simulation.py                           123     93    24%   25-26, 30-35, 47-58, 65-89, 94-123, 135-139, 144-180, 185-189, 198-223, 228-238
app\api\templates.py                             64     35    45%   36-51, 58-83, 90-110
app\config.py                                    51      9    82%   14, 100-107
app\main.py                                      30     30     0%   1-52
app\models\__init__.py                            3      0   100%
app\models\agent_personas.py                     45      3    93%   61, 126, 130
app\models\project.py                           128     63    51%   57, 78-82, 110, 115, 120, 125, 130, 143-165, 170-174, 187-195, 208-219, 232-238, 253-267, 277-279, 284-290, 295-300
app\models\task.py                               81     45    44%   39, 65-71, 84-99, 103-104, 128-143, 147, 157, 166-170, 174-183
app\services\__init__.py                         11      0   100%
app\services\entity_reader.py                   115     84    27%   31, 43-46, 58, 77, 89-92, 104-107, 119-123, 146-236, 261-316, 335-340
app\services\graph_builder.py                   102     75    26%   29, 44-45, 71-88, 101-166, 170, 183, 198-261, 265-266, 275, 279
app\services\graph_memory_updater.py            275    213    23%   37-55, 58-61, 64-72, 75-83, 86-94, 97-111, 114-117, 120-131, 134-142, 145-153, 156-157, 160-161, 164-167, 170, 200-220, 223, 227-237, 241-248, 257-263, 267-280, 284-306, 312-335, 339-357, 361-364, 401-410, 415, 420-424, 431-443, 448
app\services\graph_tools.py                     882    756    14%   36, 46-53, 66, 76-77, 97, 113-124, 129, 134, 158, 172-206, 228, 242-268, 282, 292-319, 341, 354-375, 399-401, 406-408, 431-498, 510-580, 590-605, 609-632, 636-652, 661-685, 693-709, 717-736, 746-761, 776-798, 826-941, 951-983, 1002-1061, 1073-1083, 1107-1301, 1306-1322, 1334-1378, 1401-1448, 1452-1492, 1503-1564, 1577-1601, 1616-1658, 1671-1706, 1719-1762, 1776-1846, 1855-1878, 1887-1915
app\services\market_connector.py                201    201     0%   31-461
app\services\oasis_profile_generator.py         517    446    14%   64-88, 92-118, 127-131, 141, 175-204, 269-282, 301-341, 365-370, 377-409, 423-489, 500-576, 585-597, 601-602, 620-677, 685-701, 705-764, 771-781, 800-803, 844-847, 890-942, 955, 964-1003, 1030-1168, 1172-1199, 1219-1224, 1241-1275, 1283-1295, 1315-1344, 1353-1363, 1373-1374
app\services\ontology_generator.py              132    122     8%   164, 184-205, 219-254, 260-344, 352-447
app\services\polars_analytics.py                 15      5    67%   30, 76, 113, 142, 172
app\services\prompt_compressor.py                68     68     0%   17-241
app\services\report_agent.py                   1102    925    16%   45-50, 54-55, 59, 79-92, 96, 109, 117, 128, 139, 149, 170, 192, 216, 239, 263, 277, 289, 316-322, 326-327, 331-358, 362-376, 380, 399, 406-409, 420, 428-432, 450, 1020-1040, 1044, 1134-1273, 1284-1366, 1370-1377, 1381-1534, 1538-1613, 1623-1660, 1665-1673, 1677-1683, 1700-1759, 1797-2079, 2097-2138, 2166-2390, 2413-2502, 2543-2545, 2555, 2560, 2565, 2570, 2575, 2580, 2602-2622, 2640-2641, 2660-2684, 2702-2703, 2712-2717, 2739-2754, 2771-2822, 2839-2851, 2856-2862, 2871-2893, 2902-2923, 2941-3049, 3054-3069, 3080, 3084-3111, 3130-3141, 3148-3170, 3175-3197
app\services\semantic_cache.py                  119    119     0%   24-316
app\services\sentiment_velocity.py              131    131     0%   26-342
app\services\simulation_config_generator.py     370    273    26%   198-199, 217, 251-253, 288-419, 430-447, 451-472, 477-511, 515-529, 533-563, 568-633, 637, 652-669, 693-759, 768, 785-858, 871-939, 957-1052, 1056-1125
app\services\simulation_ipc.py                  160    106    34%   49, 58, 76, 86, 109-115, 139-187, 211-218, 244-248, 264, 276-296, 313-322, 326-327, 331-332, 336-338, 350-371, 380-389, 393, 401
app\services\simulation_manager.py              197    139    29%   78, 101, 133-136, 140-142, 146-154, 158-192, 215-231, 266-474, 478, 482-496, 500-511, 515-522, 526-530
app\services\simulation_runner.py               813    665    18%   59, 85, 151-162, 165, 199-202, 242-249, 254-310, 315-324, 353-517, 522-637, 660-755, 767-786, 798-842, 847-891, 912-960, 982-1032, 1058-1066, 1086-1137, 1147-1180, 1206-1256, 1273-1364, 1375-1437, 1444-1448, 1463-1468, 1481-1504, 1535-1562, 1597-1622, 1654-1682, 1707-1732, 1746-1793, 1818-1846
app\services\text_processor.py                   45     34    24%   15, 34, 57-118, 123
app\services\web_enrichment.py                   68     52    24%   88-90, 94-102, 116-129, 142-165, 181-218
app\storage\__init__.py                           6      0   100%
app\storage\embedding_service.py                123    101    18%   36-51, 60-72, 78-106, 110-112, 116-120, 124-130, 134-175, 182-187, 192-199, 203-207, 211-215
app\storage\graph_storage.py                     33      0   100%
app\storage\neo4j_schema.py                      11      3    73%   40-41, 63
app\storage\neo4j_storage.py                    361    314    13%   46-58, 62, 66-71, 82-97, 104-128, 131-145, 148-159, 162-170, 178-367, 377-392, 401-402, 409-423, 426-437, 441-455, 458-468, 475-490, 509-522, 529-564, 571-616, 625-636, 648-662, 682-699, 706-739, 745-764, 771-829, 836-887, 891-915
app\storage\ner_extractor.py                    131    120     8%   98-99, 116-152, 156-197, 203-309
app\storage\search_service.py                    85     63    26%   65, 79-95, 109-122, 128-141, 147-162, 168-181, 187-201, 216-242, 247-253
app\utils\__init__.py                             3      0   100%
app\utils\claude_code_client.py                  67     67     0%   10-171
app\utils\file_parser.py                         91     75    18%   26-57, 76-93, 98-110, 115, 120, 133-143, 162-187
app\utils\llm_client.py                          50     37    26%   26-29, 37-46, 64-83, 87, 108-128, 147-162
app\utils\logger.py                              48      7    85%   53, 104, 113, 116, 119, 122, 125
app\utils\retry.py                               93     93     0%   6-237
app\utils\url_fetcher.py                        103     13    87%   63, 65, 85, 94, 98, 102-103, 140, 180-182, 186, 198
---------------------------------------------------------------------------
TOTAL                                          7486   5909    21%
============================= 15 passed in 2.59s ==============================
