============================= test session starts =============================
platform win32 -- Python 3.13.12, pytest-9.0.2, pluggy-1.6.0 -- C:\Squidy\RustyMiroSquid\backend\.venv\Scripts\python.exe
cachedir: .pytest_cache
rootdir: C:\Squidy\RustyMiroSquid\backend
configfile: pyproject.toml
plugins: anyio-4.13.0, asyncio-1.3.0, cov-7.1.0, httpx-0.36.0
asyncio: mode=Mode.STRICT, debug=False, asyncio_default_fixture_loop_scope=None, asyncio_default_test_loop_scope=function
collecting ... collected 5 items

tests/test_url_fetcher.py::test_safe_get_success FAILED                  [ 20%]
tests/test_url_fetcher.py::test_safe_get_success ERROR                   [ 20%]
tests/test_url_fetcher.py::test_safe_get_redirect FAILED                 [ 40%]
tests/test_url_fetcher.py::test_safe_get_redirect ERROR                  [ 40%]
tests/test_url_fetcher.py::test_safe_get_too_large FAILED                [ 60%]
tests/test_url_fetcher.py::test_safe_get_too_large ERROR                 [ 60%]
tests/test_url_fetcher.py::test_fetch_url_html FAILED                    [ 80%]
tests/test_url_fetcher.py::test_fetch_url_html ERROR                     [ 80%]
tests/test_url_fetcher.py::test_fetch_url_network_error PASSED           [100%]

=================================== ERRORS ====================================
_________________ ERROR at teardown of test_safe_get_success __________________

monkeypatch = <_pytest.monkeypatch.MonkeyPatch object at 0x0000000005444D60>
request = <SubRequest 'httpx_mock' for <Function test_safe_get_success>>

    @pytest.fixture
    def httpx_mock(
        monkeypatch: MonkeyPatch,
        request: FixtureRequest,
    ) -> Generator[HTTPXMock, None, None]:
        options = {}
        for marker in request.node.iter_markers("httpx_mock"):
            options = marker.kwargs | options
        __tracebackhide__ = methodcaller("errisinstance", TypeError)
        options = _HTTPXMockOptions(**options)
    
        mock = HTTPXMock(options)
    
        # Mock synchronous requests
        real_handle_request = httpx.HTTPTransport.handle_request
    
        def mocked_handle_request(
            transport: httpx.HTTPTransport, request: httpx.Request
        ) -> httpx.Response:
            if options.should_mock(request):
                return mock._handle_request(transport, request)
            return real_handle_request(transport, request)
    
        monkeypatch.setattr(
            httpx.HTTPTransport,
            "handle_request",
            mocked_handle_request,
        )
    
        # Mock asynchronous requests
        real_handle_async_request = httpx.AsyncHTTPTransport.handle_async_request
    
        async def mocked_handle_async_request(
            transport: httpx.AsyncHTTPTransport, request: httpx.Request
        ) -> httpx.Response:
            if options.should_mock(request):
                return await mock._handle_async_request(transport, request)
            return await real_handle_async_request(transport, request)
    
        monkeypatch.setattr(
            httpx.AsyncHTTPTransport,
            "handle_async_request",
            mocked_handle_async_request,
        )
    
        yield mock
        try:
>           mock._assert_options()

.venv\Lib\site-packages\pytest_httpx\__init__.py:67: 
_ _ _ _ _ _ _ _ _ _ _ _ _ _ _ _ _ _ _ _ _ _ _ _ _ _ _ _ _ _ _ _ _ _ _ _ _ _ _ _

self = <pytest_httpx._httpx_mock.HTTPXMock object at 0x000000000527F4D0>

    def _assert_options(self) -> None:
        callbacks_not_executed = [
            matcher for matcher, _ in self._callbacks if matcher.should_have_matched()
        ]
        matchers_description = "\n".join(
            [f"- {matcher}" for matcher in callbacks_not_executed]
        )
    
        assert not callbacks_not_executed, (
            "The following responses are mocked but not requested:\n"
            f"{matchers_description}\n"
            "\n"
            "If this is on purpose, refer to https://github.com/Colin-b/pytest_httpx/blob/master/README.md#allow-to-register-more-responses-than-what-will-be-requested"
        )
    
        if self._options.assert_all_requests_were_expected:
            requests_description = "\n".join(
                [
                    f"- {request.method} request on {request.url}"
                    for request in self._requests_not_matched
                ]
            )
>           assert not self._requests_not_matched, (
                f"The following requests were not expected:\n"
                f"{requests_description}\n"
                "\n"
                "If this is on purpose, refer to https://github.com/Colin-b/pytest_httpx/blob/master/README.md#allow-to-not-register-responses-for-every-request"
            )
E           AssertionError: The following requests were not expected:
E             - GET request on http://example.com
E             
E             If this is on purpose, refer to https://github.com/Colin-b/pytest_httpx/blob/master/README.md#allow-to-not-register-responses-for-every-request
E           assert not [<Request('GET', 'http://example.com')>]
E            +  where [<Request('GET', 'http://example.com')>] = <pytest_httpx._httpx_mock.HTTPXMock object at 0x000000000527F4D0>._requests_not_matched

.venv\Lib\site-packages\pytest_httpx\_httpx_mock.py:339: AssertionError
_________________ ERROR at teardown of test_safe_get_redirect _________________

monkeypatch = <_pytest.monkeypatch.MonkeyPatch object at 0x00000000054462C0>
request = <SubRequest 'httpx_mock' for <Function test_safe_get_redirect>>

    @pytest.fixture
    def httpx_mock(
        monkeypatch: MonkeyPatch,
        request: FixtureRequest,
    ) -> Generator[HTTPXMock, None, None]:
        options = {}
        for marker in request.node.iter_markers("httpx_mock"):
            options = marker.kwargs | options
        __tracebackhide__ = methodcaller("errisinstance", TypeError)
        options = _HTTPXMockOptions(**options)
    
        mock = HTTPXMock(options)
    
        # Mock synchronous requests
        real_handle_request = httpx.HTTPTransport.handle_request
    
        def mocked_handle_request(
            transport: httpx.HTTPTransport, request: httpx.Request
        ) -> httpx.Response:
            if options.should_mock(request):
                return mock._handle_request(transport, request)
            return real_handle_request(transport, request)
    
        monkeypatch.setattr(
            httpx.HTTPTransport,
            "handle_request",
            mocked_handle_request,
        )
    
        # Mock asynchronous requests
        real_handle_async_request = httpx.AsyncHTTPTransport.handle_async_request
    
        async def mocked_handle_async_request(
            transport: httpx.AsyncHTTPTransport, request: httpx.Request
        ) -> httpx.Response:
            if options.should_mock(request):
                return await mock._handle_async_request(transport, request)
            return await real_handle_async_request(transport, request)
    
        monkeypatch.setattr(
            httpx.AsyncHTTPTransport,
            "handle_async_request",
            mocked_handle_async_request,
        )
    
        yield mock
        try:
>           mock._assert_options()

.venv\Lib\site-packages\pytest_httpx\__init__.py:67: 
_ _ _ _ _ _ _ _ _ _ _ _ _ _ _ _ _ _ _ _ _ _ _ _ _ _ _ _ _ _ _ _ _ _ _ _ _ _ _ _

self = <pytest_httpx._httpx_mock.HTTPXMock object at 0x000000000551C550>

    def _assert_options(self) -> None:
        callbacks_not_executed = [
            matcher for matcher, _ in self._callbacks if matcher.should_have_matched()
        ]
        matchers_description = "\n".join(
            [f"- {matcher}" for matcher in callbacks_not_executed]
        )
    
        assert not callbacks_not_executed, (
            "The following responses are mocked but not requested:\n"
            f"{matchers_description}\n"
            "\n"
            "If this is on purpose, refer to https://github.com/Colin-b/pytest_httpx/blob/master/README.md#allow-to-register-more-responses-than-what-will-be-requested"
        )
    
        if self._options.assert_all_requests_were_expected:
            requests_description = "\n".join(
                [
                    f"- {request.method} request on {request.url}"
                    for request in self._requests_not_matched
                ]
            )
>           assert not self._requests_not_matched, (
                f"The following requests were not expected:\n"
                f"{requests_description}\n"
                "\n"
                "If this is on purpose, refer to https://github.com/Colin-b/pytest_httpx/blob/master/README.md#allow-to-not-register-responses-for-every-request"
            )
E           AssertionError: The following requests were not expected:
E             - GET request on http://example.com/target
E             
E             If this is on purpose, refer to https://github.com/Colin-b/pytest_httpx/blob/master/README.md#allow-to-not-register-responses-for-every-request
E           assert not [<Request('GET', 'http://example.com/target')>]
E            +  where [<Request('GET', 'http://example.com/target')>] = <pytest_httpx._httpx_mock.HTTPXMock object at 0x000000000551C550>._requests_not_matched

.venv\Lib\site-packages\pytest_httpx\_httpx_mock.py:339: AssertionError
________________ ERROR at teardown of test_safe_get_too_large _________________

monkeypatch = <_pytest.monkeypatch.MonkeyPatch object at 0x00000000052FFD10>
request = <SubRequest 'httpx_mock' for <Function test_safe_get_too_large>>

    @pytest.fixture
    def httpx_mock(
        monkeypatch: MonkeyPatch,
        request: FixtureRequest,
    ) -> Generator[HTTPXMock, None, None]:
        options = {}
        for marker in request.node.iter_markers("httpx_mock"):
            options = marker.kwargs | options
        __tracebackhide__ = methodcaller("errisinstance", TypeError)
        options = _HTTPXMockOptions(**options)
    
        mock = HTTPXMock(options)
    
        # Mock synchronous requests
        real_handle_request = httpx.HTTPTransport.handle_request
    
        def mocked_handle_request(
            transport: httpx.HTTPTransport, request: httpx.Request
        ) -> httpx.Response:
            if options.should_mock(request):
                return mock._handle_request(transport, request)
            return real_handle_request(transport, request)
    
        monkeypatch.setattr(
            httpx.HTTPTransport,
            "handle_request",
            mocked_handle_request,
        )
    
        # Mock asynchronous requests
        real_handle_async_request = httpx.AsyncHTTPTransport.handle_async_request
    
        async def mocked_handle_async_request(
            transport: httpx.AsyncHTTPTransport, request: httpx.Request
        ) -> httpx.Response:
            if options.should_mock(request):
                return await mock._handle_async_request(transport, request)
            return await real_handle_async_request(transport, request)
    
        monkeypatch.setattr(
            httpx.AsyncHTTPTransport,
            "handle_async_request",
            mocked_handle_async_request,
        )
    
        yield mock
        try:
>           mock._assert_options()

.venv\Lib\site-packages\pytest_httpx\__init__.py:67: 
_ _ _ _ _ _ _ _ _ _ _ _ _ _ _ _ _ _ _ _ _ _ _ _ _ _ _ _ _ _ _ _ _ _ _ _ _ _ _ _

self = <pytest_httpx._httpx_mock.HTTPXMock object at 0x000000000551CE10>

    def _assert_options(self) -> None:
        callbacks_not_executed = [
            matcher for matcher, _ in self._callbacks if matcher.should_have_matched()
        ]
        matchers_description = "\n".join(
            [f"- {matcher}" for matcher in callbacks_not_executed]
        )
    
        assert not callbacks_not_executed, (
            "The following responses are mocked but not requested:\n"
            f"{matchers_description}\n"
            "\n"
            "If this is on purpose, refer to https://github.com/Colin-b/pytest_httpx/blob/master/README.md#allow-to-register-more-responses-than-what-will-be-requested"
        )
    
        if self._options.assert_all_requests_were_expected:
            requests_description = "\n".join(
                [
                    f"- {request.method} request on {request.url}"
                    for request in self._requests_not_matched
                ]
            )
>           assert not self._requests_not_matched, (
                f"The following requests were not expected:\n"
                f"{requests_description}\n"
                "\n"
                "If this is on purpose, refer to https://github.com/Colin-b/pytest_httpx/blob/master/README.md#allow-to-not-register-responses-for-every-request"
            )
E           AssertionError: The following requests were not expected:
E             - GET request on http://example.com
E             
E             If this is on purpose, refer to https://github.com/Colin-b/pytest_httpx/blob/master/README.md#allow-to-not-register-responses-for-every-request
E           assert not [<Request('GET', 'http://example.com')>]
E            +  where [<Request('GET', 'http://example.com')>] = <pytest_httpx._httpx_mock.HTTPXMock object at 0x000000000551CE10>._requests_not_matched

.venv\Lib\site-packages\pytest_httpx\_httpx_mock.py:339: AssertionError
__________________ ERROR at teardown of test_fetch_url_html ___________________

monkeypatch = <_pytest.monkeypatch.MonkeyPatch object at 0x00000000054A6250>
request = <SubRequest 'httpx_mock' for <Function test_fetch_url_html>>

    @pytest.fixture
    def httpx_mock(
        monkeypatch: MonkeyPatch,
        request: FixtureRequest,
    ) -> Generator[HTTPXMock, None, None]:
        options = {}
        for marker in request.node.iter_markers("httpx_mock"):
            options = marker.kwargs | options
        __tracebackhide__ = methodcaller("errisinstance", TypeError)
        options = _HTTPXMockOptions(**options)
    
        mock = HTTPXMock(options)
    
        # Mock synchronous requests
        real_handle_request = httpx.HTTPTransport.handle_request
    
        def mocked_handle_request(
            transport: httpx.HTTPTransport, request: httpx.Request
        ) -> httpx.Response:
            if options.should_mock(request):
                return mock._handle_request(transport, request)
            return real_handle_request(transport, request)
    
        monkeypatch.setattr(
            httpx.HTTPTransport,
            "handle_request",
            mocked_handle_request,
        )
    
        # Mock asynchronous requests
        real_handle_async_request = httpx.AsyncHTTPTransport.handle_async_request
    
        async def mocked_handle_async_request(
            transport: httpx.AsyncHTTPTransport, request: httpx.Request
        ) -> httpx.Response:
            if options.should_mock(request):
                return await mock._handle_async_request(transport, request)
            return await real_handle_async_request(transport, request)
    
        monkeypatch.setattr(
            httpx.AsyncHTTPTransport,
            "handle_async_request",
            mocked_handle_async_request,
        )
    
        yield mock
        try:
>           mock._assert_options()

.venv\Lib\site-packages\pytest_httpx\__init__.py:67: 
_ _ _ _ _ _ _ _ _ _ _ _ _ _ _ _ _ _ _ _ _ _ _ _ _ _ _ _ _ _ _ _ _ _ _ _ _ _ _ _

self = <pytest_httpx._httpx_mock.HTTPXMock object at 0x00000000054462C0>

    def _assert_options(self) -> None:
        callbacks_not_executed = [
            matcher for matcher, _ in self._callbacks if matcher.should_have_matched()
        ]
        matchers_description = "\n".join(
            [f"- {matcher}" for matcher in callbacks_not_executed]
        )
    
        assert not callbacks_not_executed, (
            "The following responses are mocked but not requested:\n"
            f"{matchers_description}\n"
            "\n"
            "If this is on purpose, refer to https://github.com/Colin-b/pytest_httpx/blob/master/README.md#allow-to-register-more-responses-than-what-will-be-requested"
        )
    
        if self._options.assert_all_requests_were_expected:
            requests_description = "\n".join(
                [
                    f"- {request.method} request on {request.url}"
                    for request in self._requests_not_matched
                ]
            )
>           assert not self._requests_not_matched, (
                f"The following requests were not expected:\n"
                f"{requests_description}\n"
                "\n"
                "If this is on purpose, refer to https://github.com/Colin-b/pytest_httpx/blob/master/README.md#allow-to-not-register-responses-for-every-request"
            )
E           AssertionError: The following requests were not expected:
E             - GET request on http://example.com
E             
E             If this is on purpose, refer to https://github.com/Colin-b/pytest_httpx/blob/master/README.md#allow-to-not-register-responses-for-every-request
E           assert not [<Request('GET', 'http://example.com')>]
E            +  where [<Request('GET', 'http://example.com')>] = <pytest_httpx._httpx_mock.HTTPXMock object at 0x00000000054462C0>._requests_not_matched

.venv\Lib\site-packages\pytest_httpx\_httpx_mock.py:339: AssertionError
================================== FAILURES ===================================
____________________________ test_safe_get_success ____________________________

httpx_mock = <pytest_httpx._httpx_mock.HTTPXMock object at 0x000000000527F4D0>

    def test_safe_get_success(httpx_mock):
        httpx_mock.add_response(url="http://example.com", status_code=200, content=b"Hello")
    
>       resp = _safe_get("http://example.com", headers={"User-Agent": "test"}, timeout=5)
               ^^^^^^^^^^^^^^^^^^^^^^^^^^^^^^^^^^^^^^^^^^^^^^^^^^^^^^^^^^^^^^^^^^^^^^^^^^

tests\test_url_fetcher.py:10: 
_ _ _ _ _ _ _ _ _ _ _ _ _ _ _ _ _ _ _ _ _ _ _ _ _ _ _ _ _ _ _ _ _ _ _ _ _ _ _ _
app\utils\url_fetcher.py:135: in _safe_get
    with httpx.stream("GET", current_url, headers=headers, timeout=timeout) as stream_resp:
         ^^^^^^^^^^^^^^^^^^^^^^^^^^^^^^^^^^^^^^^^^^^^^^^^^^^^^^^^^^^^^^^^^^
C:\Users\Johan\AppData\Roaming\uv\python\cpython-3.13-windows-x86_64-none\Lib\contextlib.py:141: in __enter__
    return next(self.gen)
           ^^^^^^^^^^^^^^
.venv\Lib\site-packages\httpx\_api.py:159: in stream
    with client.stream(
C:\Users\Johan\AppData\Roaming\uv\python\cpython-3.13-windows-x86_64-none\Lib\contextlib.py:141: in __enter__
    return next(self.gen)
           ^^^^^^^^^^^^^^
.venv\Lib\site-packages\httpx\_client.py:868: in stream
    response = self.send(
.venv\Lib\site-packages\httpx\_client.py:914: in send
    response = self._send_handling_auth(
.venv\Lib\site-packages\httpx\_client.py:942: in _send_handling_auth
    response = self._send_handling_redirects(
.venv\Lib\site-packages\httpx\_client.py:979: in _send_handling_redirects
    response = self._send_single_request(request)
               ^^^^^^^^^^^^^^^^^^^^^^^^^^^^^^^^^^
.venv\Lib\site-packages\httpx\_client.py:1014: in _send_single_request
    response = transport.handle_request(request)
               ^^^^^^^^^^^^^^^^^^^^^^^^^^^^^^^^^
.venv\Lib\site-packages\pytest_httpx\__init__.py:40: in mocked_handle_request
    return mock._handle_request(transport, request)
           ^^^^^^^^^^^^^^^^^^^^^^^^^^^^^^^^^^^^^^^^
.venv\Lib\site-packages\pytest_httpx\_httpx_mock.py:167: in _handle_request
    self._request_not_matched(real_transport, request)
_ _ _ _ _ _ _ _ _ _ _ _ _ _ _ _ _ _ _ _ _ _ _ _ _ _ _ _ _ _ _ _ _ _ _ _ _ _ _ _

self = <pytest_httpx._httpx_mock.HTTPXMock object at 0x000000000527F4D0>
real_transport = <httpx.HTTPTransport object at 0x00000000052BDF90>
request = <Request('GET', 'http://example.com')>

    def _request_not_matched(
        self,
        real_transport: Union[httpx.AsyncHTTPTransport, httpx.HTTPTransport],
        request: httpx.Request,
    ) -> NoReturn:
        self._requests_not_matched.append(request)
>       raise httpx.TimeoutException(
            self._explain_that_no_response_was_found(real_transport, request),
            request=request,
        )
E       httpx.TimeoutException: No response can be found for GET request on http://example.com amongst:
E       - Already matched any request on http://example.com
E       
E       If you wanted to reuse an already matched response instead of registering it again, refer to https://github.com/Colin-b/pytest_httpx/blob/master/README.md#allow-to-register-a-response-for-more-than-one-request

.venv\Lib\site-packages\pytest_httpx\_httpx_mock.py:195: TimeoutException
___________________________ test_safe_get_redirect ____________________________

httpx_mock = <pytest_httpx._httpx_mock.HTTPXMock object at 0x000000000551C550>

    def test_safe_get_redirect(httpx_mock):
        httpx_mock.add_response(url="http://example.com", status_code=301, headers={"location": "http://example.com/target"})
        httpx_mock.add_response(url="http://example.com/target", status_code=200, content=b"Redirected!")
    
>       resp = _safe_get("http://example.com", headers={"User-Agent": "test"}, timeout=5)
               ^^^^^^^^^^^^^^^^^^^^^^^^^^^^^^^^^^^^^^^^^^^^^^^^^^^^^^^^^^^^^^^^^^^^^^^^^^

tests\test_url_fetcher.py:18: 
_ _ _ _ _ _ _ _ _ _ _ _ _ _ _ _ _ _ _ _ _ _ _ _ _ _ _ _ _ _ _ _ _ _ _ _ _ _ _ _
app\utils\url_fetcher.py:135: in _safe_get
    with httpx.stream("GET", current_url, headers=headers, timeout=timeout) as stream_resp:
         ^^^^^^^^^^^^^^^^^^^^^^^^^^^^^^^^^^^^^^^^^^^^^^^^^^^^^^^^^^^^^^^^^^
C:\Users\Johan\AppData\Roaming\uv\python\cpython-3.13-windows-x86_64-none\Lib\contextlib.py:141: in __enter__
    return next(self.gen)
           ^^^^^^^^^^^^^^
.venv\Lib\site-packages\httpx\_api.py:159: in stream
    with client.stream(
C:\Users\Johan\AppData\Roaming\uv\python\cpython-3.13-windows-x86_64-none\Lib\contextlib.py:141: in __enter__
    return next(self.gen)
           ^^^^^^^^^^^^^^
.venv\Lib\site-packages\httpx\_client.py:868: in stream
    response = self.send(
.venv\Lib\site-packages\httpx\_client.py:914: in send
    response = self._send_handling_auth(
.venv\Lib\site-packages\httpx\_client.py:942: in _send_handling_auth
    response = self._send_handling_redirects(
.venv\Lib\site-packages\httpx\_client.py:979: in _send_handling_redirects
    response = self._send_single_request(request)
               ^^^^^^^^^^^^^^^^^^^^^^^^^^^^^^^^^^
.venv\Lib\site-packages\httpx\_client.py:1014: in _send_single_request
    response = transport.handle_request(request)
               ^^^^^^^^^^^^^^^^^^^^^^^^^^^^^^^^^
.venv\Lib\site-packages\pytest_httpx\__init__.py:40: in mocked_handle_request
    return mock._handle_request(transport, request)
           ^^^^^^^^^^^^^^^^^^^^^^^^^^^^^^^^^^^^^^^^
.venv\Lib\site-packages\pytest_httpx\_httpx_mock.py:167: in _handle_request
    self._request_not_matched(real_transport, request)
_ _ _ _ _ _ _ _ _ _ _ _ _ _ _ _ _ _ _ _ _ _ _ _ _ _ _ _ _ _ _ _ _ _ _ _ _ _ _ _

self = <pytest_httpx._httpx_mock.HTTPXMock object at 0x000000000551C550>
real_transport = <httpx.HTTPTransport object at 0x0000000005447490>
request = <Request('GET', 'http://example.com/target')>

    def _request_not_matched(
        self,
        real_transport: Union[httpx.AsyncHTTPTransport, httpx.HTTPTransport],
        request: httpx.Request,
    ) -> NoReturn:
        self._requests_not_matched.append(request)
>       raise httpx.TimeoutException(
            self._explain_that_no_response_was_found(real_transport, request),
            request=request,
        )
E       httpx.TimeoutException: No response can be found for GET request on http://example.com/target amongst:
E       - Already matched any request on http://example.com
E       - Already matched any request on http://example.com/target
E       
E       If you wanted to reuse an already matched response instead of registering it again, refer to https://github.com/Colin-b/pytest_httpx/blob/master/README.md#allow-to-register-a-response-for-more-than-one-request

.venv\Lib\site-packages\pytest_httpx\_httpx_mock.py:195: TimeoutException
___________________________ test_safe_get_too_large ___________________________

httpx_mock = <pytest_httpx._httpx_mock.HTTPXMock object at 0x000000000551CE10>

    def test_safe_get_too_large(httpx_mock):
        # Simulate a response that is too large
        heavy_content = b"a" * (MAX_RESPONSE_BYTES + 1024)
        httpx_mock.add_response(url="http://example.com", status_code=200, content=heavy_content)
    
        with pytest.raises(ValueError, match="Response exceeds .* MB size limit"):
>           _safe_get("http://example.com", headers={}, timeout=5)

tests\test_url_fetcher.py:28: 
_ _ _ _ _ _ _ _ _ _ _ _ _ _ _ _ _ _ _ _ _ _ _ _ _ _ _ _ _ _ _ _ _ _ _ _ _ _ _ _
app\utils\url_fetcher.py:135: in _safe_get
    with httpx.stream("GET", current_url, headers=headers, timeout=timeout) as stream_resp:
         ^^^^^^^^^^^^^^^^^^^^^^^^^^^^^^^^^^^^^^^^^^^^^^^^^^^^^^^^^^^^^^^^^^
C:\Users\Johan\AppData\Roaming\uv\python\cpython-3.13-windows-x86_64-none\Lib\contextlib.py:141: in __enter__
    return next(self.gen)
           ^^^^^^^^^^^^^^
.venv\Lib\site-packages\httpx\_api.py:159: in stream
    with client.stream(
C:\Users\Johan\AppData\Roaming\uv\python\cpython-3.13-windows-x86_64-none\Lib\contextlib.py:141: in __enter__
    return next(self.gen)
           ^^^^^^^^^^^^^^
.venv\Lib\site-packages\httpx\_client.py:868: in stream
    response = self.send(
.venv\Lib\site-packages\httpx\_client.py:914: in send
    response = self._send_handling_auth(
.venv\Lib\site-packages\httpx\_client.py:942: in _send_handling_auth
    response = self._send_handling_redirects(
.venv\Lib\site-packages\httpx\_client.py:979: in _send_handling_redirects
    response = self._send_single_request(request)
               ^^^^^^^^^^^^^^^^^^^^^^^^^^^^^^^^^^
.venv\Lib\site-packages\httpx\_client.py:1014: in _send_single_request
    response = transport.handle_request(request)
               ^^^^^^^^^^^^^^^^^^^^^^^^^^^^^^^^^
.venv\Lib\site-packages\pytest_httpx\__init__.py:40: in mocked_handle_request
    return mock._handle_request(transport, request)
           ^^^^^^^^^^^^^^^^^^^^^^^^^^^^^^^^^^^^^^^^
.venv\Lib\site-packages\pytest_httpx\_httpx_mock.py:167: in _handle_request
    self._request_not_matched(real_transport, request)
_ _ _ _ _ _ _ _ _ _ _ _ _ _ _ _ _ _ _ _ _ _ _ _ _ _ _ _ _ _ _ _ _ _ _ _ _ _ _ _

self = <pytest_httpx._httpx_mock.HTTPXMock object at 0x000000000551CE10>
real_transport = <httpx.HTTPTransport object at 0x00000000054A7DF0>
request = <Request('GET', 'http://example.com')>

    def _request_not_matched(
        self,
        real_transport: Union[httpx.AsyncHTTPTransport, httpx.HTTPTransport],
        request: httpx.Request,
    ) -> NoReturn:
        self._requests_not_matched.append(request)
>       raise httpx.TimeoutException(
            self._explain_that_no_response_was_found(real_transport, request),
            request=request,
        )
E       httpx.TimeoutException: No response can be found for GET request on http://example.com amongst:
E       - Already matched any request on http://example.com
E       
E       If you wanted to reuse an already matched response instead of registering it again, refer to https://github.com/Colin-b/pytest_httpx/blob/master/README.md#allow-to-register-a-response-for-more-than-one-request

.venv\Lib\site-packages\pytest_httpx\_httpx_mock.py:195: TimeoutException
_____________________________ test_fetch_url_html _____________________________

httpx_mock = <pytest_httpx._httpx_mock.HTTPXMock object at 0x00000000054462C0>

    def test_fetch_url_html(httpx_mock):
        html = b"<html><head><title>Test</title></head><body><h1>Hello</h1><p>World</p></body></html>"
        httpx_mock.add_response(url="http://example.com", status_code=200, content=html, headers={"Content-Type": "text/html"})
    
>       result = fetch_url_text("http://example.com")
                 ^^^^^^^^^^^^^^^^^^^^^^^^^^^^^^^^^^^^

tests\test_url_fetcher.py:34: 
_ _ _ _ _ _ _ _ _ _ _ _ _ _ _ _ _ _ _ _ _ _ _ _ _ _ _ _ _ _ _ _ _ _ _ _ _ _ _ _
app\utils\url_fetcher.py:184: in fetch_url_text
    response = _safe_get(url, headers, timeout)
               ^^^^^^^^^^^^^^^^^^^^^^^^^^^^^^^^
app\utils\url_fetcher.py:135: in _safe_get
    with httpx.stream("GET", current_url, headers=headers, timeout=timeout) as stream_resp:
         ^^^^^^^^^^^^^^^^^^^^^^^^^^^^^^^^^^^^^^^^^^^^^^^^^^^^^^^^^^^^^^^^^^
C:\Users\Johan\AppData\Roaming\uv\python\cpython-3.13-windows-x86_64-none\Lib\contextlib.py:141: in __enter__
    return next(self.gen)
           ^^^^^^^^^^^^^^
.venv\Lib\site-packages\httpx\_api.py:159: in stream
    with client.stream(
C:\Users\Johan\AppData\Roaming\uv\python\cpython-3.13-windows-x86_64-none\Lib\contextlib.py:141: in __enter__
    return next(self.gen)
           ^^^^^^^^^^^^^^
.venv\Lib\site-packages\httpx\_client.py:868: in stream
    response = self.send(
.venv\Lib\site-packages\httpx\_client.py:914: in send
    response = self._send_handling_auth(
.venv\Lib\site-packages\httpx\_client.py:942: in _send_handling_auth
    response = self._send_handling_redirects(
.venv\Lib\site-packages\httpx\_client.py:979: in _send_handling_redirects
    response = self._send_single_request(request)
               ^^^^^^^^^^^^^^^^^^^^^^^^^^^^^^^^^^
.venv\Lib\site-packages\httpx\_client.py:1014: in _send_single_request
    response = transport.handle_request(request)
               ^^^^^^^^^^^^^^^^^^^^^^^^^^^^^^^^^
.venv\Lib\site-packages\pytest_httpx\__init__.py:40: in mocked_handle_request
    return mock._handle_request(transport, request)
           ^^^^^^^^^^^^^^^^^^^^^^^^^^^^^^^^^^^^^^^^
.venv\Lib\site-packages\pytest_httpx\_httpx_mock.py:167: in _handle_request
    self._request_not_matched(real_transport, request)
_ _ _ _ _ _ _ _ _ _ _ _ _ _ _ _ _ _ _ _ _ _ _ _ _ _ _ _ _ _ _ _ _ _ _ _ _ _ _ _

self = <pytest_httpx._httpx_mock.HTTPXMock object at 0x00000000054462C0>
real_transport = <httpx.HTTPTransport object at 0x0000000006980D50>
request = <Request('GET', 'http://example.com')>

    def _request_not_matched(
        self,
        real_transport: Union[httpx.AsyncHTTPTransport, httpx.HTTPTransport],
        request: httpx.Request,
    ) -> NoReturn:
        self._requests_not_matched.append(request)
>       raise httpx.TimeoutException(
            self._explain_that_no_response_was_found(real_transport, request),
            request=request,
        )
E       httpx.TimeoutException: No response can be found for GET request on http://example.com amongst:
E       - Already matched any request on http://example.com
E       
E       If you wanted to reuse an already matched response instead of registering it again, refer to https://github.com/Colin-b/pytest_httpx/blob/master/README.md#allow-to-register-a-response-for-more-than-one-request

.venv\Lib\site-packages\pytest_httpx\_httpx_mock.py:195: TimeoutException
=========================== short test summary info ===========================
FAILED tests/test_url_fetcher.py::test_safe_get_success - httpx.TimeoutExcept...
FAILED tests/test_url_fetcher.py::test_safe_get_redirect - httpx.TimeoutExcep...
FAILED tests/test_url_fetcher.py::test_safe_get_too_large - httpx.TimeoutExce...
FAILED tests/test_url_fetcher.py::test_fetch_url_html - httpx.TimeoutExceptio...
ERROR tests/test_url_fetcher.py::test_safe_get_success - AssertionError: The ...
ERROR tests/test_url_fetcher.py::test_safe_get_redirect - AssertionError: The...
ERROR tests/test_url_fetcher.py::test_safe_get_too_large - AssertionError: Th...
ERROR tests/test_url_fetcher.py::test_fetch_url_html - AssertionError: The fo...
==================== 4 failed, 1 passed, 4 errors in 1.04s ====================
